#
# A fatal error has been detected by the Java Runtime Environment:
#
#  Internal Error (javaClasses.cpp:127), pid=7112, tid=7612
#  fatal error: Invalid layout of preloaded class
#
# JRE version:  (8.0_40-b25) (build )
# Java VM: Java HotSpot(TM) Client VM (25.40-b25 mixed mode windows-x86 )
# Failed to write core dump. Minidumps are not enabled by default on client versions of Windows
#
# If you would like to submit a bug report, please visit:
#   http://bugreport.java.com/bugreport/crash.jsp
#

---------------  T H R E A D  ---------------

Current thread (0x0195bc00):  JavaThread "Unknown thread" [_thread_in_vm, id=7612, stack(0x017d0000,0x01820000)]

Stack: [0x017d0000,0x01820000],  sp=0x0181f5f0,  free space=317k
Native frames: (J=compiled Java code, j=interpreted, Vv=VM code, C=native code)
V  [jvm.dll+0x1a4f6b]
V  [jvm.dll+0x19d7d6]
V  [jvm.dll+0x42369]
V  [jvm.dll+0x4251e]
V  [jvm.dll+0x519be]
V  [jvm.dll+0xa86be]
V  [jvm.dll+0xa8982]
V  [jvm.dll+0x154561]
V  [jvm.dll+0x1785bb]
V  [jvm.dll+0xe5081]
C  [javaw.exe+0x14d3]
C  [javaw.exe+0x2047]
C  [javaw.exe+0xadff]
C  [javaw.exe+0xae89]
C  [kernel32.dll+0x4ee1c]
C  [ntdll.dll+0x637f5]
C  [ntdll.dll+0x637c8]
C  0x00000000


---------------  P R O C E S S  ---------------

Java Threads: ( => current thread )

Other Threads:

=>0x0195bc00 (exited) JavaThread "Unknown thread" [_thread_in_vm, id=7612, stack(0x017d0000,0x01820000)]

VM state:not at safepoint (not fully initialized)

VM Mutex/Monitor currently owned by a thread: None

GC Heap History (0 events):
No events

Deoptimization events (0 events):
No events

Internal exceptions (0 events):
No events

Events (10 events):
Event: 0.012 loading class java/lang/CharSequence done
Event: 0.012 loading class java/lang/String done
Event: 0.012 loading class java/lang/Class
Event: 0.012 loading class java/lang/reflect/AnnotatedElement
Event: 0.012 loading class java/lang/reflect/AnnotatedElement done
Event: 0.012 loading class java/lang/reflect/GenericDeclaration
Event: 0.012 loading class java/lang/reflect/GenericDeclaration done
Event: 0.012 loading class java/lang/reflect/Type
Event: 0.012 loading class java/lang/reflect/Type done
Event: 0.012 loading class java/lang/Class done


Dynamic libraries:
0x01380000 - 0x013b3000 	C:\Program Files\Java\jre1.8.0_40\bin\javaw.exe
0x77500000 - 0x7763c000 	C:\Windows\SYSTEM32\ntdll.dll
0x75940000 - 0x75a14000 	C:\Windows\system32\kernel32.dll
0x756d0000 - 0x7571b000 	C:\Windows\system32\KERNELBASE.dll
0x75e50000 - 0x75ef0000 	C:\Windows\system32\ADVAPI32.dll
0x77220000 - 0x772cc000 	C:\Windows\system32\msvcrt.dll
0x76140000 - 0x76159000 	C:\Windows\SYSTEM32\sechost.dll
0x77670000 - 0x77712000 	C:\Windows\system32\RPCRT4.dll
0x77150000 - 0x77219000 	C:\Windows\system32\USER32.dll
0x770c0000 - 0x7710e000 	C:\Windows\system32\GDI32.dll
0x77720000 - 0x7772a000 	C:\Windows\system32\LPK.dll
0x75bb0000 - 0x75c4d000 	C:\Windows\system32\USP10.dll
0x74520000 - 0x746be000 	C:\Windows\WinSxS\x86_microsoft.windows.common-controls_6595b64144ccf1df_6.0.7601.17514_none_41e6975e2bd6f2b2\COMCTL32.dll
0x75df0000 - 0x75e47000 	C:\Windows\system32\SHLWAPI.dll
0x75a20000 - 0x75a3f000 	C:\Windows\system32\IMM32.DLL
0x77430000 - 0x774fc000 	C:\Windows\system32\MSCTF.dll
0x50810000 - 0x508cf000 	C:\Program Files\Java\jre1.8.0_40\bin\msvcr100.dll
0x509f0000 - 0x50db0000 	C:\Program Files\Java\jre1.8.0_40\bin\client\jvm.dll
0x6b480000 - 0x6b487000 	C:\Windows\system32\WSOCK32.dll
0x77110000 - 0x77145000 	C:\Windows\system32\WS2_32.dll
0x77660000 - 0x77666000 	C:\Windows\system32\NSI.dll
0x730e0000 - 0x73112000 	C:\Windows\system32\WINMM.dll
0x74af0000 - 0x74af9000 	C:\Windows\system32\VERSION.dll
0x77650000 - 0x77655000 	C:\Windows\system32\PSAPI.DLL
0x729b0000 - 0x729bc000 	C:\Program Files\Java\jre1.8.0_40\bin\verify.dll
0x6c3f0000 - 0x6c411000 	C:\Program Files\Java\jre1.8.0_40\bin\java.dll
0x723c0000 - 0x723d3000 	C:\Program Files\Java\jre1.8.0_40\bin\zip.dll
0x6fc30000 - 0x6fd1b000 	C:\Windows\system32\dbghelp.dll

VM Arguments:
jvm_args: -Dfile.encoding=UTF-8 -Xbootclasspath:F:\ADT-eclipse\adt-bundle-windows-x86-20130219\adt-bundle-windows-x86-20130219\sdk\platforms\android-17\android.jar 
java_command: com.xuanhui.controller.MysqlDemo
java_class_path (initial): G:\workspacegit3\XHClient\bin\classes;G:\workspacegit3\SlidingMenuLib\bin\slidingmenulib.jar;G:\workspacegit3\XHClient\libs\android-support-v4.jar
Launcher Type: SUN_STANDARD

Environment Variables:
JAVA_HOME=C:\Program Files\Java\jdk1.8.0_40
CLASSPATH= .;C:\Program Files\Java\jdk1.8.0_40\lib;C:\Program Files\Java\jdk1.8.0_40\lib\tools.jar
PATH=C:/Program Files/Java/jre1.8.0_40/bin/client;C:/Program Files/Java/jre1.8.0_40/bin;C:/Program Files/Java/jre1.8.0_40/lib/i386;C:\ProgramData\Oracle\Java\javapath;C:\Windows\system32;C:\Windows;C:\Windows\System32\Wbem;C:\Windows\System32\WindowsPowerShell\v1.0\;C:\Program Files\Java\jdk1.8.0_40\bin;C:\Program Files\Java\jdk1.8.0_40\jre\bin;C:\Program Files\MySQL\MySQL Server 6.0\bin;F:\ADT-eclipse\adt-bundle-windows-x86-20130219\adt-bundle-windows-x86-20130219\eclipse;
USERNAME=Administrator
OS=Windows_NT
PROCESSOR_IDENTIFIER=x86 Family 6 Model 42 Stepping 7, GenuineIntel



---------------  S Y S T E M  ---------------

OS: Windows 7 Build 7601 (6.1.7601.18409)

CPU:total 4 (2 cores per cpu, 2 threads per core) family 6 model 42 stepping 7, cmov, cx8, fxsr, mmx, sse, sse2, sse3, ssse3, sse4.1, sse4.2, popcnt, avx, clmul, ht, tsc, tscinvbit

Memory: 4k page, physical 2074560k(377928k free), swap 4149120k(448620k free)

vm_info: Java HotSpot(TM) Client VM (25.40-b25) for windows-x86 JRE (1.8.0_40-b25), built on Feb 10 2015 21:08:16 by "java_re" with MS VC++ 10.0 (VS2010)

time: Tue Apr 14 15:14:49 2015
elapsed time: 0 seconds (0d 0h 0m 0s)

